2026-05-16 08:29:36,216 | INFO | ============================================================
2026-05-16 08:29:36,216 | INFO | 🤖 BOT JORGE — PAPER TRADING | TESTNET
2026-05-16 08:29:36,217 | INFO |    Pares: BTC/USDT:USDT
2026-05-16 08:29:36,217 | INFO |    Capital: 5000 USDT | 3x | Max posiciones: 1
2026-05-16 08:29:36,217 | INFO |    Objetivo diario: +15 USDT | Límite pérdida: -15 USDT
2026-05-16 08:29:36,217 | INFO |    Sesión activa: 07:00 – 21:00 UTC
2026-05-16 08:29:36,217 | INFO |    ⚠️  PAPER TRADING — sin órdenes reales
2026-05-16 08:29:36,218 | INFO | ============================================================
2026-05-16 08:29:36,223 | INFO | [PAPER] Estado previo cargado | balance: 5004.26 | long: no | short: no | pending: L=no S=no
/home/mr-x/Desktop/JStrategy - Trading System/04_SCRIPT_BOT_PYTHON.py:542: DeprecationWarning: datetime.datetime.utcnow() is deprecated and scheduled for removal in a future version. Use timezone-aware objects to represent datetimes in UTC: datetime.datetime.now(datetime.UTC).
  today = datetime.utcnow().date()
2026-05-16 08:29:38,237 | INFO | 📅 Nuevo día UTC (2026-05-16) — tracker reiniciado | Balance: 5004.26 USDT
/home/mr-x/Desktop/JStrategy - Trading System/04_SCRIPT_BOT_PYTHON.py:502: DeprecationWarning: datetime.datetime.utcnow() is deprecated and scheduled for removal in a future version. Use timezone-aware objects to represent datetimes in UTC: datetime.datetime.now(datetime.UTC).
  now = now_utc or datetime.utcnow()
/home/mr-x/Desktop/JStrategy - Trading System/04_SCRIPT_BOT_PYTHON.py:536: DeprecationWarning: datetime.datetime.utcnow() is deprecated and scheduled for removal in a future version. Use timezone-aware objects to represent datetimes in UTC: datetime.datetime.now(datetime.UTC).
  now = now_utc or datetime.utcnow()
/home/mr-x/Desktop/JStrategy - Trading System/04_SCRIPT_BOT_PYTHON.py:3004: DeprecationWarning: datetime.datetime.utcnow() is deprecated and scheduled for removal in a future version. Use timezone-aware objects to represent datetimes in UTC: datetime.datetime.now(datetime.UTC).
  logger.info(f"🌙 Fuera de killzone ({datetime.utcnow().hour:02d}:xx UTC) | "
2026-05-16 08:29:38,237 | INFO | 🌙 Fuera de killzone (12:xx UTC) | PnL hoy: +0.00 USDT | Posiciones: 0
2026-05-16 08:29:45,581 | INFO | 📊 BTC/USDT:USDT | 77944.00 | L: 4/13 (none) | S: 3/13 (none) | ADX: 27.3 | HTF: 0.08 (DISC) | KZ: OFF
2026-05-16 08:29:45,581 | INFO | [PAPER] 💼 Balance: 5004.26 USDT | Capital inicial: 5000 USDT
2026-05-16 08:29:45,581 | INFO | 🟢 PnL hoy: +0.00 USDT | Posiciones: 0/1 | Sesión: 🌙 | Estado: ✅ ACTIVO
/home/mr-x/Desktop/JStrategy - Trading System/04_SCRIPT_BOT_PYTHON.py:542: DeprecationWarning: datetime.datetime.utcnow() is deprecated and scheduled for removal in a future version. Use timezone-aware objects to represent datetimes in UTC: datetime.datetime.now(datetime.UTC).
  today = datetime.utcnow().date()
/home/mr-x/Desktop/JStrategy - Trading System/04_SCRIPT_BOT_PYTHON.py:502: DeprecationWarning: datetime.datetime.utcnow() is deprecated and scheduled for removal in a future version. Use timezone-aware objects to represent datetimes in UTC: datetime.datetime.now(datetime.UTC).
  now = now_utc or datetime.utcnow()
/home/mr-x/Desktop/JStrategy - Trading System/04_SCRIPT_BOT_PYTHON.py:536: DeprecationWarning: datetime.datetime.utcnow() is deprecated and scheduled for removal in a future version. Use timezone-aware objects to represent datetimes in UTC: datetime.datetime.now(datetime.UTC).
  now = now_utc or datetime.utcnow()
/home/mr-x/Desktop/JStrategy - Trading System/04_SCRIPT_BOT_PYTHON.py:3004: DeprecationWarning: datetime.datetime.utcnow() is deprecated and scheduled for removal in a future version. Use timezone-aware objects to represent datetimes in UTC: datetime.datetime.now(datetime.UTC).
  logger.info(f"🌙 Fuera de killzone ({datetime.utcnow().hour:02d}:xx UTC) | "
2026-05-16 08:34:45,582 | INFO | 🌙 Fuera de killzone (12:xx UTC) | PnL hoy: +0.00 USDT | Posiciones: 0
2026-05-16 08:34:49,085 | INFO | 📊 BTC/USDT:USDT | 78045.10 | L: 4/13 (none) | S: 3/13 (none) | ADX: 27.3 | HTF: 0.10 (DISC) | KZ: OFF
2026-05-16 08:34:49,085 | INFO | [PAPER] 💼 Balance: 5004.26 USDT | Capital inicial: 5000 USDT
2026-05-16 08:34:49,085 | INFO | 🟢 PnL hoy: +0.00 USDT | Posiciones: 0/1 | Sesión: 🌙 | Estado: ✅ ACTIVO
